Determining if the pthread_create exist failed with the following output:
Change Dir: /home/biorob/catkin_ws/src/orb_slam2/build/CMakeFiles/CMakeTmp

Run Build Command:/usr/bin/make "cmTryCompileExec3082981199/fast"
/usr/bin/make -f CMakeFiles/cmTryCompileExec3082981199.dir/build.make CMakeFiles/cmTryCompileExec3082981199.dir/build
make[1]: Entering directory `/home/biorob/catkin_ws/src/orb_slam2/build/CMakeFiles/CMakeTmp'
/usr/bin/cmake -E cmake_progress_report /home/biorob/catkin_ws/src/orb_slam2/build/CMakeFiles/CMakeTmp/CMakeFiles 1
Building C object CMakeFiles/cmTryCompileExec3082981199.dir/CheckSymbolExists.c.o
/usr/bin/cc    -o CMakeFiles/cmTryCompileExec3082981199.dir/CheckSymbolExists.c.o   -c /home/biorob/catkin_ws/src/orb_slam2/build/CMakeFiles/CMakeTmp/CheckSymbolExists.c
Linking C executable cmTryCompileExec3082981199
/usr/bin/cmake -E cmake_link_script CMakeFiles/cmTryCompileExec3082981199.dir/link.txt --verbose=1
/usr/bin/cc       CMakeFiles/cmTryCompileExec3082981199.dir/CheckSymbolExists.c.o  -o cmTryCompileExec3082981199 -rdynamic 
CMakeFiles/cmTryCompileExec3082981199.dir/CheckSymbolExists.c.o: In function `main':
CheckSymbolExists.c:(.text+0x16): undefined reference to `pthread_create'
collect2: error: ld returned 1 exit status
make[1]: Leaving directory `/home/biorob/catkin_ws/src/orb_slam2/build/CMakeFiles/CMakeTmp'
make[1]: *** [cmTryCompileExec3082981199] Error 1
make: *** [cmTryCompileExec3082981199/fast] Error 2

File /home/biorob/catkin_ws/src/orb_slam2/build/CMakeFiles/CMakeTmp/CheckSymbolExists.c:
/* */
#include <pthread.h>

int main(int argc, char** argv)
{
  (void)argv;
#ifndef pthread_create
  return ((int*)(&pthread_create))[argc];
#else
  (void)argc;
  return 0;
#endif
}

Determining if the function pthread_create exists in the pthreads failed with the following output:
Change Dir: /home/biorob/catkin_ws/src/orb_slam2/build/CMakeFiles/CMakeTmp

Run Build Command:/usr/bin/make "cmTryCompileExec3047675213/fast"
/usr/bin/make -f CMakeFiles/cmTryCompileExec3047675213.dir/build.make CMakeFiles/cmTryCompileExec3047675213.dir/build
make[1]: Entering directory `/home/biorob/catkin_ws/src/orb_slam2/build/CMakeFiles/CMakeTmp'
/usr/bin/cmake -E cmake_progress_report /home/biorob/catkin_ws/src/orb_slam2/build/CMakeFiles/CMakeTmp/CMakeFiles 1
Building C object CMakeFiles/cmTryCompileExec3047675213.dir/CheckFunctionExists.c.o
/usr/bin/cc   -DCHECK_FUNCTION_EXISTS=pthread_create   -o CMakeFiles/cmTryCompileExec3047675213.dir/CheckFunctionExists.c.o   -c /usr/share/cmake-2.8/Modules/CheckFunctionExists.c
Linking C executable cmTryCompileExec3047675213
/usr/bin/cmake -E cmake_link_script CMakeFiles/cmTryCompileExec3047675213.dir/link.txt --verbose=1
/usr/bin/cc   -DCHECK_FUNCTION_EXISTS=pthread_create    CMakeFiles/cmTryCompileExec3047675213.dir/CheckFunctionExists.c.o  -o cmTryCompileExec3047675213 -rdynamic -lpthreads 
/usr/bin/ld: cannot find -lpthreads
collect2: error: ld returned 1 exit status
make[1]: *** [cmTryCompileExec3047675213] Error 1
make[1]: Leaving directory `/home/biorob/catkin_ws/src/orb_slam2/build/CMakeFiles/CMakeTmp'
make: *** [cmTryCompileExec3047675213/fast] Error 2


